<?xml version="1.0" encoding="UTF-8"?>
<!-- Generated by org.testng.reporters.JUnitReportReporter -->
<testsuite hostname="DESKTOP-HK3C5GE" failures="0" tests="3" name="TestCases.SortingTest" time="37.062" errors="0" timestamp="2022-01-20T18:08:19 GMT" skipped="0">
  <testcase classname="TestCases.SortingTest" name="validateSorting" time="15.359"/>
  <system-out/>
  <testcase classname="TestCases.SortingTest" name="validatesortoptionsAfterSearch" time="11.045"/>
  <system-out/>
  <testcase classname="TestCases.SortingTest" name="validatedefaultsortoptions" time="10.658"/>
  <system-out/>
</testsuite> <!-- TestCases.SortingTest -->
