<?xml version="1.0" encoding="UTF-8"?>
<!-- Generated by org.testng.reporters.JUnitReportReporter -->
<testsuite hostname="DESKTOP-HK3C5GE" failures="0" tests="3" name="TestCases.SortingTest" time="42.425" errors="0" timestamp="2022-01-20T19:24:00 GMT" skipped="0">
  <testcase classname="TestCases.SortingTest" name="validateSorting" time="15.064"/>
  <system-out/>
  <testcase classname="TestCases.SortingTest" name="validatesortoptionsAfterSearch" time="13.649"/>
  <system-out/>
  <testcase classname="TestCases.SortingTest" name="validatedefaultsortoptions" time="13.712"/>
  <system-out/>
</testsuite> <!-- TestCases.SortingTest -->
